{
  "RSpec": {
    "coverage": {
      "C:/Users/hp/tictactoe/spec/board_spec.rb": [
        1,
        null,
        1,
        8,
        null,
        1,
        1,
        1,
        null,
        null,
        1,
        1,
        1,
        1,
        null,
        null,
        null,
        1,
        1,
        1,
        null,
        null,
        1,
        1,
        1,
        1,
        null,
        null,
        1,
        1,
        1,
        null,
        null,
        1,
        1,
        null,
        null,
        1,
        1,
        null,
        null,
        null
      ],
      "C:/Users/hp/tictactoe/lib/board.rb": [
        1,
        null,
        1,
        null,
        1,
        28,
        7,
        null,
        null,
        1,
        2,
        2,
        null,
        null,
        1,
        2,
        null,
        null,
        1,
        3,
        null,
        null,
        1,
        3,
        null,
        null,
        null,
        null,
        null,
        null,
        null,
        null,
        null,
        null,
        3,
        null,
        null,
        null,
        null,
        null
      ],
      "C:/Users/hp/tictactoe/spec/game_spec.rb": [
        1,
        null,
        1,
        1,
        null,
        null,
        null
      ],
      "C:/Users/hp/tictactoe/lib/game.rb": [
        1,
        null,
        1,
        null,
        1,
        0,
        0,
        null,
        null,
        null
      ]
    },
    "timestamp": 1502865275
  }
}
