{
  "RSpec": {
    "coverage": {
      "C:/Users/hp/tictactoe/spec/board_spec.rb": [
        1,
        null,
        1,
        4,
        null,
        1,
        1,
        1,
        null,
        null,
        1,
        1,
        1,
        1,
        null,
        null,
        null,
        1,
        1,
        1,
        null,
        null,
        null
      ],
      "C:/Users/hp/tictactoe/lib/board.rb": [
        1,
        null,
        1,
        null,
        1,
        12,
        null,
        null,
        1,
        1,
        null,
        null,
        null
      ],
      "C:/Users/hp/tictactoe/spec/game_spec.rb": [
        1,
        null,
        1,
        1,
        null,
        null,
        null
      ],
      "C:/Users/hp/tictactoe/lib/game.rb": [
        1,
        null,
        1,
        null,
        1,
        0,
        0,
        null,
        null,
        null
      ]
    },
    "timestamp": 1502864536
  }
}
